<?xml version="1.0" encoding="UTF-8"?>
<robot generator="Robot 6.1.1 (Python 3.9.2 on linux)" generated="20240119 10:29:10.841" rpa="false" schemaversion="4">
<suite id="s1" name="Os-Linux-Local" source="/home/ldubrunfaut/centreon-plugins/tests/functional/linux/os-linux-local.robot">
<test id="s1-t1" name="Linux Local Systemd-sc-status" line="34">
<for flavor="IN">
<var>${linux_local_test}</var>
<value>@{linux_local_tests}</value>
<iter>
<var name="${linux_local_test}">{'filtername': '', 'excludename': '', 'warningstatus': '', 'criticalstatus': '', 'warningtotalrunning': '', 'criticaltotalrunning': '', 'warningtotaldead': '', 'criticaltotaldead': '', 'warningtotalex...</var>
<kw name="Catenate" library="BuiltIn">
<var>${command}</var>
<arg>${CMD}</arg>
<arg>--mode=systemd-sc-status</arg>
<doc>Catenates the given items together and returns the resulted string.</doc>
<msg timestamp="20240119 10:29:10.873" level="INFO">${command} = perl /home/ldubrunfaut/centreon-plugins/tests/functional/linux/../../../src/centreon_plugins.pl --plugin=os::linux::local::plugin --mode=systemd-sc-status</msg>
<status status="PASS" starttime="20240119 10:29:10.872" endtime="20240119 10:29:10.873"/>
</kw>
<kw name="Get Length" library="BuiltIn">
<var>${length}</var>
<arg>${linux_local_test.filtername}</arg>
<doc>Returns and logs the length of the given item as an integer.</doc>
<msg timestamp="20240119 10:29:10.874" level="INFO">Length is 0</msg>
<msg timestamp="20240119 10:29:10.874" level="INFO">${length} = 0</msg>
<status status="PASS" starttime="20240119 10:29:10.873" endtime="20240119 10:29:10.874"/>
</kw>
<if>
<branch type="IF" condition="${length} &gt; 0">
<kw name="Catenate" library="BuiltIn">
<var>${command}</var>
<arg>${command}</arg>
<arg>--filter-name=${linux_local_test.filtername}</arg>
<doc>Catenates the given items together and returns the resulted string.</doc>
<status status="NOT RUN" starttime="20240119 10:29:10.874" endtime="20240119 10:29:10.874"/>
</kw>
<status status="NOT RUN" starttime="20240119 10:29:10.874" endtime="20240119 10:29:10.874"/>
</branch>
<status status="PASS" starttime="20240119 10:29:10.874" endtime="20240119 10:29:10.874"/>
</if>
<kw name="Run" library="OperatingSystem">
<var>${output}</var>
<arg>${command}</arg>
<doc>Runs the given command in the system and returns the output.</doc>
<msg timestamp="20240119 10:29:10.877" level="INFO">Running command 'perl /home/ldubrunfaut/centreon-plugins/tests/functional/linux/../../../src/centreon_plugins.pl --plugin=os::linux::local::plugin --mode=systemd-sc-status 2&gt;&amp;1'.</msg>
<msg timestamp="20240119 10:29:10.945" level="INFO">${output} = UNKNOWN: Command error: System has not been booted with systemd as init system (PID 1). Can't operate. - Failed to connect to bus: Host is down </msg>
<status status="PASS" starttime="20240119 10:29:10.874" endtime="20240119 10:29:10.945"/>
</kw>
<kw name="Strip String" library="String">
<var>${output}</var>
<arg>${output}</arg>
<doc>Remove leading and/or trailing whitespaces from the given string.</doc>
<msg timestamp="20240119 10:29:10.946" level="INFO">${output} = UNKNOWN: Command error: System has not been booted with systemd as init system (PID 1). Can't operate. - Failed to connect to bus: Host is down</msg>
<status status="PASS" starttime="20240119 10:29:10.945" endtime="20240119 10:29:10.946"/>
</kw>
<kw name="Should Be Equal As Strings" library="BuiltIn">
<arg>${output}</arg>
<arg>${linux_local_test.result}</arg>
<arg>Wrong result output for:${\n}Command: ${\n}${command}${\n}${\n}Expected output: ${\n}${linux_local_test.result}${\n}${\n}Obtained output:${\n}${output}${\n}${\n}${\n}</arg>
<arg>values=False</arg>
<doc>Fails if objects are unequal after converting them to strings.</doc>
<msg timestamp="20240119 10:29:10.947" level="FAIL">Wrong result output for:
Command: 
perl /home/ldubrunfaut/centreon-plugins/tests/functional/linux/../../../src/centreon_plugins.pl --plugin=os::linux::local::plugin --mode=systemd-sc-status

Expected output: 


Obtained output:
UNKNOWN: Command error: System has not been booted with systemd as init system (PID 1). Can't operate. - Failed to connect to bus: Host is down


</msg>
<status status="FAIL" starttime="20240119 10:29:10.946" endtime="20240119 10:29:10.947"/>
</kw>
<status status="FAIL" starttime="20240119 10:29:10.872" endtime="20240119 10:29:10.947"/>
</iter>
<status status="FAIL" starttime="20240119 10:29:10.872" endtime="20240119 10:29:10.947"/>
</for>
<doc>Linux Local Systemd services status</doc>
<tag>linux</tag>
<tag>local</tag>
<tag>os</tag>
<timeout value="2 minutes"/>
<status status="FAIL" starttime="20240119 10:29:10.872" endtime="20240119 10:29:10.948">Wrong result output for:
Command: 
perl /home/ldubrunfaut/centreon-plugins/tests/functional/linux/../../../src/centreon_plugins.pl --plugin=os::linux::local::plugin --mode=systemd-sc-status

Expected output: 


Obtained output:
UNKNOWN: Command error: System has not been booted with systemd as init system (PID 1). Can't operate. - Failed to connect to bus: Host is down


</status>
</test>
<doc>Hardware UPS standard SNMP plugin</doc>
<status status="FAIL" starttime="20240119 10:29:10.843" endtime="20240119 10:29:10.949"/>
</suite>
<statistics>
<total>
<stat pass="0" fail="1" skip="0">All Tests</stat>
</total>
<tag>
<stat pass="0" fail="1" skip="0">linux</stat>
<stat pass="0" fail="1" skip="0">local</stat>
<stat pass="0" fail="1" skip="0">os</stat>
</tag>
<suite>
<stat pass="0" fail="1" skip="0" id="s1" name="Os-Linux-Local">Os-Linux-Local</stat>
</suite>
</statistics>
<errors>
</errors>
</robot>
